<?xml version="1.0" encoding="UTF-8"?>
<beans xmlns="http://www.springframework.org/schema/beans"
       xmlns:xsi="http://www.w3.org/2001/XMLSchema-instance"
       xmlns:tx="http://www.springframework.org/schema/tx"
       xmlns:context="http://www.springframework.org/schema/context"
       xmlns:cache="http://www.springframework.org/schema/cache" xmlns:aop="http://www.springframework.org/schema/aop"
       xmlns:p="http://www.springframework.org/schema/p"
       xsi:schemaLocation="http://www.springframework.org/schema/beans
	http://www.springframework.org/schema/beans/spring-beans-4.0.xsd
	http://www.springframework.org/schema/context
	http://www.springframework.org/schema/context/spring-context-4.0.xsd
	http://www.springframework.org/schema/tx
	http://www.springframework.org/schema/tx/spring-tx.xsd http://www.springframework.org/schema/cache http://www.springframework.org/schema/cache/spring-cache.xsd http://www.springframework.org/schema/aop http://www.springframework.org/schema/aop/spring-aop.xsd">

    <context:component-scan base-package="com.jerry.demo.usercenter"/>
    <context:annotation-config/>
    <tx:annotation-driven/>
    <cache:annotation-driven/>

    <aop:aspectj-autoproxy proxy-target-class="true"/>

    <bean id="cacheManager"
          class="org.springframework.cache.ehcache.EhCacheCacheManager"
          p:cacheManager-ref="ehcache"/>

    <bean id="ehcache" class="org.springframework.cache.ehcache.EhCacheManagerFactoryBean"
          p:configLocation="ehcache.xml"
          p:shared="true"/>

    <import resource="test-data-context.xml"/>

    <bean id="userInfoService" class="com.jerry.demo.usercenter.services.impl.UserServiceImpl"/>

</beans>


